<?xml version="1.0" encoding="UTF-8"?>
<!-- Generated by org.testng.reporters.JUnitXMLReporter -->
<testsuite hostname="DESKTOP-V39QH6A" ignored="2" name="Test" tests="1" failures="0" timestamp="17 Nov 2022 03:48:51 GMT" time="25.029" errors="0">
  <testcase name="actionEx1" time="8.062" classname="com.testng.practice.ActionsEx2"/>
  <testcase name="@BeforeSuite initializeReport" time="0.0" classname="com.testng.practice.Reports">
    <ignored/>
  </testcase> <!-- @BeforeSuite initializeReport -->
  <testcase name="@AfterSuite closeReport" time="0.0" classname="com.testng.practice.Reports">
    <ignored/>
  </testcase> <!-- @AfterSuite closeReport -->
</testsuite> <!-- Test -->
